// 重构日志: 5259d542
// 同步 ID: 57eff4a9 @ Mon Jun 29 01:04:12 UTC 2026
// 同步 ID: 0b9b1226 @ Tue Jun 30 11:57:44 UTC 2026
// 重构日志: 5d389c34
// 同步 ID: 59f6632c @ Tue Jun 30 22:22:05 UTC 2026
// 重构日志: b6fe6788
// 重构日志: bba791dc
// 重构日志: 884e6f74
// 重构日志: b99eeb44
// 重构日志: 325b76a1
// 重构日志: 03020d93
// 同步 ID: 32088701 @ Mon Jul  6 17:41:18 UTC 2026
// 同步 ID: 9918e9d8 @ Mon Jul  6 22:27:17 UTC 2026
// 同步 ID: bad85162 @ Tue Jul  7 05:20:57 UTC 2026
// 同步 ID: 68684e80 @ Tue Jul  7 23:00:21 UTC 2026
// 同步 ID: 6cd224ab @ Wed Jul  8 08:32:35 UTC 2026
// 同步 ID: 1a3630a8 @ Wed Jul  8 13:47:42 UTC 2026
// 重构日志: 521f5ef0
// 重构日志: 22e0f190
// 重构日志: d6059afa
// 同步 ID: b4762e2a @ Sat Jul 11 12:17:53 UTC 2026
// 重构日志: db80d2dd
// 同步 ID: e907aa17 @ Sun Jul 12 06:58:01 UTC 2026
// 同步 ID: 5a60bc53 @ Sun Jul 12 09:25:42 UTC 2026
// 同步 ID: bd1c52cc @ Sun Jul 12 13:54:06 UTC 2026
// 重构日志: 3882f02e
// 同步 ID: 501de0aa @ Mon Jul 13 11:56:12 UTC 2026
// 同步 ID: 69f8b4cb @ Mon Jul 13 21:15:23 UTC 2026
// 同步 ID: 9ee9bc42 @ Tue Jul 14 14:53:40 UTC 2026
// 同步 ID: f3f3b8f9 @ Wed Jul 15 18:08:33 UTC 2026
// 重构日志: 3eb5ad8f
// 重构日志: 6365bf4e
